D:\ligenProject\ioNas\readNas\Debug\readNas.ilk
D:\ligenProject\ioNas\readNas\Debug\readNas.pdb
D:\ligenProject\ioNas\readNas\readNas\Debug\cl.command.1.tlog
D:\ligenProject\ioNas\readNas\readNas\Debug\CL.read.1.tlog
D:\ligenProject\ioNas\readNas\readNas\Debug\CL.write.1.tlog
D:\LIGENPROJECT\IONAS\READNAS\READNAS\DEBUG\DIVIDEANDCONQUER.OBJ
D:\LIGENPROJECT\IONAS\READNAS\READNAS\DEBUG\IONAS.OBJ
D:\ligenProject\ioNas\readNas\readNas\Debug\link.10624.read.1.tlog
D:\ligenProject\ioNas\readNas\readNas\Debug\link.10624.write.1.tlog
D:\ligenProject\ioNas\readNas\readNas\Debug\link.10624-cvtres.read.1.tlog
D:\ligenProject\ioNas\readNas\readNas\Debug\link.10624-cvtres.write.1.tlog
D:\ligenProject\ioNas\readNas\readNas\Debug\link.10764.read.1.tlog
D:\ligenProject\ioNas\readNas\readNas\Debug\link.10764.write.1.tlog
D:\ligenProject\ioNas\readNas\readNas\Debug\link.10764-cvtres.read.1.tlog
D:\ligenProject\ioNas\readNas\readNas\Debug\link.10764-cvtres.write.1.tlog
D:\ligenProject\ioNas\readNas\readNas\Debug\link.11284.read.1.tlog
D:\ligenProject\ioNas\readNas\readNas\Debug\link.11284.write.1.tlog
D:\ligenProject\ioNas\readNas\readNas\Debug\link.11284-cvtres.read.1.tlog
D:\ligenProject\ioNas\readNas\readNas\Debug\link.11284-cvtres.write.1.tlog
D:\ligenProject\ioNas\readNas\readNas\Debug\link.11796.read.1.tlog
D:\ligenProject\ioNas\readNas\readNas\Debug\link.11796.write.1.tlog
D:\ligenProject\ioNas\readNas\readNas\Debug\link.11796-cvtres.read.1.tlog
D:\ligenProject\ioNas\readNas\readNas\Debug\link.11796-cvtres.write.1.tlog
D:\ligenProject\ioNas\readNas\readNas\Debug\link.12016.read.1.tlog
D:\ligenProject\ioNas\readNas\readNas\Debug\link.12016.write.1.tlog
D:\ligenProject\ioNas\readNas\readNas\Debug\link.12016-cvtres.read.1.tlog
D:\ligenProject\ioNas\readNas\readNas\Debug\link.12016-cvtres.write.1.tlog
D:\ligenProject\ioNas\readNas\readNas\Debug\link.7640.read.1.tlog
D:\ligenProject\ioNas\readNas\readNas\Debug\link.7640.write.1.tlog
D:\ligenProject\ioNas\readNas\readNas\Debug\link.7640-cvtres.read.1.tlog
D:\ligenProject\ioNas\readNas\readNas\Debug\link.7640-cvtres.write.1.tlog
D:\ligenProject\ioNas\readNas\readNas\Debug\link.9480.read.1.tlog
D:\ligenProject\ioNas\readNas\readNas\Debug\link.9480.write.1.tlog
D:\ligenProject\ioNas\readNas\readNas\Debug\link.9480-cvtres.read.1.tlog
D:\ligenProject\ioNas\readNas\readNas\Debug\link.9480-cvtres.write.1.tlog
D:\ligenProject\ioNas\readNas\readNas\Debug\link.command.1.tlog
D:\ligenProject\ioNas\readNas\readNas\Debug\link.read.1.tlog
D:\ligenProject\ioNas\readNas\readNas\Debug\link.write.1.tlog
D:\LIGENPROJECT\IONAS\READNAS\READNAS\DEBUG\MAIN.OBJ
D:\LIGENPROJECT\IONAS\READNAS\READNAS\DEBUG\MESHGFACE.OBJ
D:\ligenProject\ioNas\readNas\readNas\Debug\mt.command.1.tlog
D:\ligenProject\ioNas\readNas\readNas\Debug\mt.read.1.tlog
D:\ligenProject\ioNas\readNas\readNas\Debug\mt.write.1.tlog
D:\LIGENPROJECT\IONAS\READNAS\READNAS\DEBUG\MTRIANGLE.OBJ
D:\ligenProject\ioNas\readNas\readNas\Debug\rc.command.1.tlog
D:\ligenProject\ioNas\readNas\readNas\Debug\rc.read.1.tlog
D:\ligenProject\ioNas\readNas\readNas\Debug\rc.write.1.tlog
D:\LIGENPROJECT\IONAS\READNAS\READNAS\DEBUG\READNAS.EXE.EMBED.MANIFEST
D:\LIGENPROJECT\IONAS\READNAS\READNAS\DEBUG\READNAS.EXE.EMBED.MANIFEST.RES
D:\ligenProject\ioNas\readNas\readNas\Debug\readNas.exe.intermediate.manifest
D:\LIGENPROJECT\IONAS\READNAS\READNAS\DEBUG\READNAS.PCH
D:\ligenProject\ioNas\readNas\readNas\Debug\readNas.vcxprojResolveAssemblyReference.cache
D:\ligenProject\ioNas\readNas\readNas\Debug\readNas.write.1.tlog
D:\ligenProject\ioNas\readNas\readNas\Debug\readNas_manifest.rc
D:\LIGENPROJECT\IONAS\READNAS\READNAS\DEBUG\ROBUSTPREDICATES.OBJ
D:\LIGENPROJECT\IONAS\READNAS\READNAS\DEBUG\STDAFX.OBJ
D:\ligenProject\ioNas\readNas\readNas\Debug\vc100.idb
D:\LIGENPROJECT\IONAS\READNAS\READNAS\DEBUG\VC100.PDB
